#
# There is insufficient memory for the Java Runtime Environment to continue.
# Native memory allocation (mmap) failed to map 60817408 bytes for G1 virtual space
# Possible reasons:
#   The system is out of physical RAM or swap space
#   The process is running with CompressedOops enabled, and the Java Heap may be blocking the growth of the native heap
# Possible solutions:
#   Reduce memory load on the system
#   Increase physical memory or swap space
#   Check if swap backing store is full
#   Decrease Java heap size (-Xmx/-Xms)
#   Decrease number of Java threads
#   Decrease Java thread stack sizes (-Xss)
#   Set larger code cache with -XX:ReservedCodeCacheSize=
#   JVM is running with Unscaled Compressed Oops mode in which the Java heap is
#     placed in the first 4GB address space. The Java Heap base address is the
#     maximum limit for the native heap growth. Please use -XX:HeapBaseMinAddress
#     to set the Java Heap base and to place the Java Heap above 4GB virtual address.
# This output file may be truncated or incomplete.
#
#  Out of Memory Error (os_windows.cpp:3551), pid=17532, tid=8340
#
# JRE version: Java(TM) SE Runtime Environment (17.0.17+8) (build 17.0.17+8-LTS-360)
# Java VM: Java HotSpot(TM) 64-Bit Server VM (17.0.17+8-LTS-360, mixed mode, emulated-client, sharing, tiered, compressed oops, compressed class ptrs, g1 gc, windows-amd64)
# No core dump will be written. Minidumps are not enabled by default on client versions of Windows
#

---------------  S U M M A R Y ------------

Command Line: -Dcom.sun.management.jmxremote -Dcom.sun.management.jmxremote.port=59837 -Dcom.sun.management.jmxremote.authenticate=false -Dcom.sun.management.jmxremote.ssl=false -Djava.rmi.server.hostname=localhost -Dspring.jmx.enabled=true -Dmanagement.endpoints.jmx.exposure.include=* -Dspring.application.admin.enabled=true -Dspring.output.ansi.enabled=always -XX:TieredStopAtLevel=1 -Dspring.boot.project.name=notification-service -Dfile.encoding=UTF-8 -Dstdout.encoding=UTF-8 -Dstderr.encoding=UTF-8 -XX:+ShowCodeDetailsInExceptionMessages com.edulearn.notification.NotificationServiceApplication

Host: 11th Gen Intel(R) Core(TM) i5-1135G7 @ 2.40GHz, 8 cores, 7G,  Windows 11 , 64 bit Build 26100 (10.0.26100.8328)
Time: Thu May 14 16:34:51 2026 India Standard Time elapsed time: 2444.367949 seconds (0d 0h 40m 44s)

---------------  T H R E A D  ---------------

Current thread (0x0000014bda946fc0):  VMThread "VM Thread" [stack: 0x000000372ed00000,0x000000372ee00000] [id=8340]

Stack: [0x000000372ed00000,0x000000372ee00000]
Native frames: (J=compiled Java code, j=interpreted, Vv=VM code, C=native code)
V  [jvm.dll+0x67a0ea]
V  [jvm.dll+0x7da56d]
V  [jvm.dll+0x7dbeb3]
V  [jvm.dll+0x7dc523]
V  [jvm.dll+0x2453af]
V  [jvm.dll+0x677119]
V  [jvm.dll+0x66bda2]
V  [jvm.dll+0x3022a6]
V  [jvm.dll+0x309846]
V  [jvm.dll+0x35a25e]
V  [jvm.dll+0x35a48f]
V  [jvm.dll+0x2d9378]
V  [jvm.dll+0x2d77ad]
V  [jvm.dll+0x2d6dfc]
V  [jvm.dll+0x31a95b]
V  [jvm.dll+0x7e0e1b]
V  [jvm.dll+0x7e1b54]
V  [jvm.dll+0x7e206d]
V  [jvm.dll+0x7e2444]
V  [jvm.dll+0x7e2510]
V  [jvm.dll+0x78af4a]
V  [jvm.dll+0x678fd5]
C  [ucrtbase.dll+0x37b0]
C  [KERNEL32.DLL+0x2e957]
C  [ntdll.dll+0x427c]

VM_Operation (0x0000003730bfe0c0): G1CollectForAllocation, mode: safepoint, requested by thread 0x0000014be17b3710


---------------  P R O C E S S  ---------------

Threads class SMR info:
_java_thread_list=0x0000014be2198ab0, length=52, elements={
0x0000014bda94d830, 0x0000014bda9538a0, 0x0000014bda9699b0, 0x0000014bda96c280,
0x0000014bda96cb40, 0x0000014bda96d400, 0x0000014bda96dcc0, 0x0000014bda9a8100,
0x0000014bda939370, 0x0000014bdac7b550, 0x0000014bdf469280, 0x0000014bdf473e50,
0x0000014bdf49a260, 0x0000014bdf4b0eb0, 0x0000014bdf4f3150, 0x0000014bdfbda180,
0x0000014bdfbd9cb0, 0x0000014bdfbdc800, 0x0000014bdfbdd1a0, 0x0000014bdfbda650,
0x0000014bdfbdab20, 0x0000014bdfbdb990, 0x0000014be1ff3570, 0x0000014be1ff2700,
0x0000014be1ff1d60, 0x0000014be1ff0ef0, 0x0000014be1ff2bd0, 0x0000014be1ff0a20,
0x0000014be1ff3a40, 0x0000014be1ff13c0, 0x0000014be1ff1890, 0x0000014be1ff0080,
0x0000014be1ff0550, 0x0000014be1ff2230, 0x0000014be17afd50, 0x0000014be17b1090,
0x0000014be17b0220, 0x0000014be17b0bc0, 0x0000014be17b1560, 0x0000014be17b1a30,
0x0000014be17aeee0, 0x0000014be17af880, 0x0000014be17ae070, 0x0000014be17b1f00,
0x0000014be17ae540, 0x0000014be17aea10, 0x0000014be17b53f0, 0x0000014be17b3710,
0x0000014be17b40b0, 0x0000014be17b23d0, 0x0000014be17b28a0, 0x0000014be17b2d70
}

Java Threads: ( => current thread )
  0x0000014bda94d830 JavaThread "Reference Handler" daemon [_thread_blocked, id=22108, stack(0x000000372ee00000,0x000000372ef00000)]
  0x0000014bda9538a0 JavaThread "Finalizer" daemon [_thread_blocked, id=1216, stack(0x000000372ef00000,0x000000372f000000)]
  0x0000014bda9699b0 JavaThread "Signal Dispatcher" daemon [_thread_blocked, id=24912, stack(0x000000372f000000,0x000000372f100000)]
  0x0000014bda96c280 JavaThread "Attach Listener" daemon [_thread_blocked, id=22932, stack(0x000000372f100000,0x000000372f200000)]
  0x0000014bda96cb40 JavaThread "Service Thread" daemon [_thread_blocked, id=25496, stack(0x000000372f200000,0x000000372f300000)]
  0x0000014bda96d400 JavaThread "Monitor Deflation Thread" daemon [_thread_blocked, id=22476, stack(0x000000372f300000,0x000000372f400000)]
  0x0000014bda96dcc0 JavaThread "C1 CompilerThread0" daemon [_thread_blocked, id=22876, stack(0x000000372f400000,0x000000372f500000)]
  0x0000014bda9a8100 JavaThread "Sweeper thread" daemon [_thread_blocked, id=21080, stack(0x000000372f500000,0x000000372f600000)]
  0x0000014bda939370 JavaThread "Common-Cleaner" daemon [_thread_blocked, id=24528, stack(0x000000372f600000,0x000000372f700000)]
  0x0000014bdac7b550 JavaThread "Notification Thread" daemon [_thread_blocked, id=24104, stack(0x000000372f800000,0x000000372f900000)]
  0x0000014bdf469280 JavaThread "RMI TCP Accept-0" daemon [_thread_in_native, id=21684, stack(0x000000372fa00000,0x000000372fb00000)]
  0x0000014bdf473e50 JavaThread "RMI TCP Accept-59837" daemon [_thread_in_native, id=25572, stack(0x000000372fb00000,0x000000372fc00000)]
  0x0000014bdf49a260 JavaThread "RMI TCP Accept-0" daemon [_thread_in_native, id=24872, stack(0x000000372fc00000,0x000000372fd00000)]
  0x0000014bdf4b0eb0 JavaThread "RMI Scheduler(0)" daemon [_thread_blocked, id=23072, stack(0x000000372ff00000,0x0000003730000000)]
  0x0000014bdf4f3150 JavaThread "JMX server connection timeout 22" daemon [_thread_blocked, id=25360, stack(0x0000003730100000,0x0000003730200000)]
  0x0000014bdfbda180 JavaThread "Catalina-utility-1" [_thread_blocked, id=24456, stack(0x0000003730c00000,0x0000003730d00000)]
  0x0000014bdfbd9cb0 JavaThread "Catalina-utility-2" [_thread_blocked, id=24460, stack(0x0000003730e00000,0x0000003730f00000)]
  0x0000014bdfbdc800 JavaThread "container-0" [_thread_blocked, id=24468, stack(0x0000003730f00000,0x0000003731000000)]
  0x0000014bdfbdd1a0 JavaThread "mysql-cj-abandoned-connection-cleanup" daemon [_thread_blocked, id=7216, stack(0x0000003731000000,0x0000003731100000)]
  0x0000014bdfbda650 JavaThread "HikariPool-1 housekeeper" daemon [_thread_blocked, id=8008, stack(0x0000003731200000,0x0000003731300000)]
  0x0000014bdfbdab20 JavaThread "spectator-gauge-polling-0" daemon [_thread_blocked, id=21604, stack(0x0000003731300000,0x0000003731400000)]
  0x0000014bdfbdb990 JavaThread "AsyncResolver-bootstrap-%d" daemon [_thread_blocked, id=25352, stack(0x0000003731500000,0x0000003731600000)]
  0x0000014be1ff3570 JavaThread "DiscoveryClient-%d" daemon [_thread_blocked, id=22024, stack(0x0000003731600000,0x0000003731700000)]
  0x0000014be1ff2700 JavaThread "DiscoveryClient-%d" daemon [_thread_blocked, id=23692, stack(0x0000003731700000,0x0000003731800000)]
  0x0000014be1ff1d60 JavaThread "DiscoveryClient-InstanceInfoReplicator-%d" daemon [_thread_blocked, id=22504, stack(0x0000003731800000,0x0000003731900000)]
  0x0000014be1ff0ef0 JavaThread "http-nio-8089-exec-1" daemon [_thread_blocked, id=19640, stack(0x0000003731900000,0x0000003731a00000)]
  0x0000014be1ff2bd0 JavaThread "http-nio-8089-exec-2" daemon [_thread_blocked, id=1904, stack(0x0000003731a00000,0x0000003731b00000)]
  0x0000014be1ff0a20 JavaThread "http-nio-8089-exec-3" daemon [_thread_blocked, id=23212, stack(0x0000003731b00000,0x0000003731c00000)]
  0x0000014be1ff3a40 JavaThread "http-nio-8089-exec-4" daemon [_thread_blocked, id=23884, stack(0x0000003731c00000,0x0000003731d00000)]
  0x0000014be1ff13c0 JavaThread "http-nio-8089-exec-5" daemon [_thread_blocked, id=18908, stack(0x0000003731d00000,0x0000003731e00000)]
  0x0000014be1ff1890 JavaThread "http-nio-8089-exec-6" daemon [_thread_blocked, id=24168, stack(0x0000003731e00000,0x0000003731f00000)]
  0x0000014be1ff0080 JavaThread "http-nio-8089-exec-7" daemon [_thread_blocked, id=3544, stack(0x0000003731f00000,0x0000003732000000)]
  0x0000014be1ff0550 JavaThread "http-nio-8089-exec-8" daemon [_thread_blocked, id=25580, stack(0x0000003732000000,0x0000003732100000)]
  0x0000014be1ff2230 JavaThread "http-nio-8089-exec-9" daemon [_thread_blocked, id=24816, stack(0x0000003732100000,0x0000003732200000)]
  0x0000014be17afd50 JavaThread "http-nio-8089-exec-10" daemon [_thread_blocked, id=12804, stack(0x0000003732200000,0x0000003732300000)]
  0x0000014be17b1090 JavaThread "http-nio-8089-Poller" daemon [_thread_blocked, id=25096, stack(0x0000003732300000,0x0000003732400000)]
  0x0000014be17b0220 JavaThread "http-nio-8089-Acceptor" daemon [_thread_in_native, id=23704, stack(0x0000003732400000,0x0000003732500000)]
  0x0000014be17b0bc0 JavaThread "AMQP Connection 127.0.0.1:5672" [_thread_in_native, id=3912, stack(0x0000003732500000,0x0000003732600000)]
  0x0000014be17b1560 JavaThread "pool-2-thread-2" [_thread_blocked, id=20696, stack(0x0000003732600000,0x0000003732700000)]
  0x0000014be17b1a30 JavaThread "org.springframework.amqp.rabbit.RabbitListenerEndpointContainer#0-1" [_thread_blocked, id=22120, stack(0x0000003732700000,0x0000003732800000)]
  0x0000014be17aeee0 JavaThread "pool-2-thread-3" [_thread_blocked, id=23800, stack(0x0000003732800000,0x0000003732900000)]
  0x0000014be17af880 JavaThread "org.springframework.amqp.rabbit.RabbitListenerEndpointContainer#1-1" [_thread_blocked, id=23840, stack(0x0000003732900000,0x0000003732a00000)]
  0x0000014be17ae070 JavaThread "pool-2-thread-4" [_thread_blocked, id=21884, stack(0x0000003732a00000,0x0000003732b00000)]
  0x0000014be17b1f00 JavaThread "DestroyJavaVM" [_thread_blocked, id=25176, stack(0x000000372e700000,0x000000372e800000)]
  0x0000014be17ae540 JavaThread "RMI TCP Connection(idle)" daemon [_thread_blocked, id=24392, stack(0x0000003732b00000,0x0000003732c00000)]
  0x0000014be17aea10 JavaThread "RMI TCP Connection(10)-127.0.0.1" daemon [_thread_blocked, id=19620, stack(0x0000003732e00000,0x0000003732f00000)]
  0x0000014be17b53f0 JavaThread "JMX server connection timeout 70" daemon [_thread_blocked, id=21144, stack(0x0000003733100000,0x0000003733200000)]
  0x0000014be17b3710 JavaThread "DiscoveryClient-HeartbeatExecutor-%d" daemon [_thread_blocked, id=21900, stack(0x0000003730b00000,0x0000003730c00000)]
  0x0000014be17b40b0 JavaThread "DiscoveryClient-CacheRefreshExecutor-%d" daemon [_thread_blocked, id=22440, stack(0x0000003733400000,0x0000003733500000)]
  0x0000014be17b23d0 JavaThread "AsyncResolver-bootstrap-executor-%d" daemon [_thread_blocked, id=24184, stack(0x000000372e600000,0x000000372e700000)]
  0x0000014be17b28a0 JavaThread "pool-2-thread-5" [_thread_blocked, id=26396, stack(0x000000372e400000,0x000000372e500000)]
  0x0000014be17b2d70 JavaThread "pool-2-thread-6" [_thread_blocked, id=26064, stack(0x000000372e500000,0x000000372e600000)]

Other Threads:
=>0x0000014bda946fc0 VMThread "VM Thread" [stack: 0x000000372ed00000,0x000000372ee00000] [id=8340]
  0x0000014bdf4a4bd0 WatcherThread [stack: 0x000000372fd00000,0x000000372fe00000] [id=25412]
  0x0000014bc8b549d0 GCTaskThread "GC Thread#0" [stack: 0x000000372e800000,0x000000372e900000] [id=23916]
  0x0000014bdf5550f0 GCTaskThread "GC Thread#1" [stack: 0x0000003730200000,0x0000003730300000] [id=20192]
  0x0000014bdf5553b0 GCTaskThread "GC Thread#2" [stack: 0x0000003730300000,0x0000003730400000] [id=10464]
  0x0000014bdf630f30 GCTaskThread "GC Thread#3" [stack: 0x0000003730400000,0x0000003730500000] [id=23820]
  0x0000014bdf754940 GCTaskThread "GC Thread#4" [stack: 0x0000003730500000,0x0000003730600000] [id=9140]
  0x0000014bdf5e7270 GCTaskThread "GC Thread#5" [stack: 0x0000003730600000,0x0000003730700000] [id=24660]
  0x0000014bdf549d00 GCTaskThread "GC Thread#6" [stack: 0x0000003730700000,0x0000003730800000] [id=24668]
  0x0000014bdf549fc0 GCTaskThread "GC Thread#7" [stack: 0x0000003730800000,0x0000003730900000] [id=17136]
  0x0000014bc8b66180 ConcurrentGCThread "G1 Main Marker" [stack: 0x000000372e900000,0x000000372ea00000] [id=13348]
  0x0000014bc8b66aa0 ConcurrentGCThread "G1 Conc#0" [stack: 0x000000372ea00000,0x000000372eb00000] [id=13344]
  0x0000014be00b2bc0 ConcurrentGCThread "G1 Conc#1" [stack: 0x0000003730d00000,0x0000003730e00000] [id=22192]
  0x0000014bc8badeb0 ConcurrentGCThread "G1 Refine#0" [stack: 0x000000372eb00000,0x000000372ec00000] [id=13340]
  0x0000014bdf7299f0 ConcurrentGCThread "G1 Refine#1" [stack: 0x0000003730900000,0x0000003730a00000] [id=24016]
  0x0000014bdf5498f0 ConcurrentGCThread "G1 Refine#2" [stack: 0x0000003730a00000,0x0000003730b00000] [id=25156]
  0x0000014bc8bae7f0 ConcurrentGCThread "G1 Service" [stack: 0x000000372ec00000,0x000000372ed00000] [id=384]

Threads with active compile tasks:

VM state: at safepoint (normal execution)

VM Mutex/Monitor currently owned by a thread:  ([mutex/lock_event])
[0x0000014bc8af6fc0] Threads_lock - owner thread: 0x0000014bda946fc0
[0x0000014bc8af70e0] Heap_lock - owner thread: 0x0000014be17b3710

Heap address: 0x0000000083600000, size: 1994 MB, Compressed Oops mode: 32-bit

CDS archive(s) mapped at: [0x0000014b80000000-0x0000014b80bd0000-0x0000014b80bd0000), size 12386304, SharedBaseAddress: 0x0000014b80000000, ArchiveRelocationMode: 1.
Compressed class space mapped at: 0x0000014b81000000-0x0000014bc1000000, reserved size: 1073741824
Narrow klass base: 0x0000014b80000000, Narrow klass shift: 0, Narrow klass range: 0x100000000

GC Precious Log:
 CPUs: 8 total, 8 available
 Memory: 7975M
 Large Page Support: Disabled
 NUMA Support: Disabled
 Compressed Oops: Enabled (32-bit)
 Heap Region Size: 1M
 Heap Min Capacity: 8M
 Heap Initial Capacity: 126M
 Heap Max Capacity: 1994M
 Pre-touch: Disabled
 Parallel Workers: 8
 Concurrent Workers: 2
 Concurrent Refinement Workers: 8
 Periodic GC: Disabled

Heap:
 garbage-first heap   total 129024K, used 61090K [0x0000000083600000, 0x0000000100000000)
  region size 1024K, 2 young (2048K), 2 survivors (2048K)
 Metaspace       used 95038K, committed 95872K, reserved 1179648K
  class space    used 14085K, committed 14464K, reserved 1048576K

Heap Regions: E=young(eden), S=young(survivor), O=old, HS=humongous(starts), HC=humongous(continues), CS=collection set, F=free, OA=open archive, CA=closed archive, TAMS=top-at-mark-start (previous, next)
|   0|0x0000000083600000, 0x0000000083700000, 0x0000000083700000|100%|HS|  |TAMS 0x0000000083700000, 0x0000000083700000| Complete 
|   1|0x0000000083700000, 0x0000000083800000, 0x0000000083800000|100%|HS|  |TAMS 0x0000000083800000, 0x0000000083800000| Complete 
|   2|0x0000000083800000, 0x0000000083900000, 0x0000000083900000|100%|HS|  |TAMS 0x0000000083900000, 0x0000000083900000| Complete 
|   3|0x0000000083900000, 0x0000000083a00000, 0x0000000083a00000|100%| O|  |TAMS 0x0000000083a00000, 0x0000000083a00000| Untracked 
|   4|0x0000000083a00000, 0x0000000083b00000, 0x0000000083b00000|100%| O|  |TAMS 0x0000000083b00000, 0x0000000083b00000| Untracked 
|   5|0x0000000083b00000, 0x0000000083c00000, 0x0000000083c00000|100%| O|  |TAMS 0x0000000083c00000, 0x0000000083c00000| Untracked 
|   6|0x0000000083c00000, 0x0000000083d00000, 0x0000000083d00000|100%| O|  |TAMS 0x0000000083d00000, 0x0000000083d00000| Untracked 
|   7|0x0000000083d00000, 0x0000000083e00000, 0x0000000083e00000|100%| O|  |TAMS 0x0000000083e00000, 0x0000000083e00000| Untracked 
|   8|0x0000000083e00000, 0x0000000083f00000, 0x0000000083f00000|100%| O|  |TAMS 0x0000000083f00000, 0x0000000083f00000| Untracked 
|   9|0x0000000083f00000, 0x0000000084000000, 0x0000000084000000|100%| O|  |TAMS 0x0000000084000000, 0x0000000084000000| Untracked 
|  10|0x0000000084000000, 0x0000000084100000, 0x0000000084100000|100%| O|  |TAMS 0x0000000084100000, 0x0000000084100000| Untracked 
|  11|0x0000000084100000, 0x00000000841c2600, 0x0000000084200000| 75%| O|  |TAMS 0x00000000841c2600, 0x00000000841c2600| Untracked 
|  12|0x0000000084200000, 0x0000000084300000, 0x0000000084300000|100%| O|  |TAMS 0x0000000084300000, 0x0000000084300000| Untracked 
|  13|0x0000000084300000, 0x0000000084400000, 0x0000000084400000|100%| O|  |TAMS 0x0000000084400000, 0x0000000084400000| Untracked 
|  14|0x0000000084400000, 0x0000000084500000, 0x0000000084500000|100%| O|  |TAMS 0x0000000084500000, 0x0000000084500000| Untracked 
|  15|0x0000000084500000, 0x0000000084600000, 0x0000000084600000|100%| O|  |TAMS 0x0000000084600000, 0x0000000084600000| Untracked 
|  16|0x0000000084600000, 0x0000000084700000, 0x0000000084700000|100%| O|  |TAMS 0x0000000084700000, 0x0000000084700000| Untracked 
|  17|0x0000000084700000, 0x0000000084800000, 0x0000000084800000|100%| O|  |TAMS 0x0000000084800000, 0x0000000084800000| Untracked 
|  18|0x0000000084800000, 0x0000000084900000, 0x0000000084900000|100%| O|  |TAMS 0x0000000084900000, 0x0000000084900000| Untracked 
|  19|0x0000000084900000, 0x0000000084a00000, 0x0000000084a00000|100%| O|  |TAMS 0x0000000084a00000, 0x0000000084a00000| Untracked 
|  20|0x0000000084a00000, 0x0000000084b00000, 0x0000000084b00000|100%| O|  |TAMS 0x0000000084b00000, 0x0000000084b00000| Untracked 
|  21|0x0000000084b00000, 0x0000000084c00000, 0x0000000084c00000|100%| O|  |TAMS 0x0000000084c00000, 0x0000000084c00000| Untracked 
|  22|0x0000000084c00000, 0x0000000084d00000, 0x0000000084d00000|100%| O|  |TAMS 0x0000000084d00000, 0x0000000084d00000| Untracked 
|  23|0x0000000084d00000, 0x0000000084e00000, 0x0000000084e00000|100%| O|  |TAMS 0x0000000084e00000, 0x0000000084e00000| Untracked 
|  24|0x0000000084e00000, 0x0000000084f00000, 0x0000000084f00000|100%| O|  |TAMS 0x0000000084f00000, 0x0000000084f00000| Untracked 
|  25|0x0000000084f00000, 0x0000000085000000, 0x0000000085000000|100%| O|  |TAMS 0x0000000085000000, 0x0000000085000000| Untracked 
|  26|0x0000000085000000, 0x0000000085100000, 0x0000000085100000|100%| O|  |TAMS 0x0000000085100000, 0x0000000085100000| Untracked 
|  27|0x0000000085100000, 0x0000000085200000, 0x0000000085200000|100%| O|  |TAMS 0x0000000085200000, 0x0000000085200000| Untracked 
|  28|0x0000000085200000, 0x0000000085300000, 0x0000000085300000|100%| O|  |TAMS 0x0000000085300000, 0x0000000085300000| Untracked 
|  29|0x0000000085300000, 0x0000000085400000, 0x0000000085400000|100%| O|  |TAMS 0x0000000085400000, 0x0000000085400000| Untracked 
|  30|0x0000000085400000, 0x0000000085500000, 0x0000000085500000|100%| O|  |TAMS 0x0000000085500000, 0x0000000085500000| Untracked 
|  31|0x0000000085500000, 0x0000000085600000, 0x0000000085600000|100%| O|  |TAMS 0x0000000085600000, 0x0000000085600000| Untracked 
|  32|0x0000000085600000, 0x0000000085700000, 0x0000000085700000|100%| O|  |TAMS 0x0000000085700000, 0x0000000085700000| Untracked 
|  33|0x0000000085700000, 0x0000000085800000, 0x0000000085800000|100%| O|  |TAMS 0x0000000085800000, 0x0000000085800000| Untracked 
|  34|0x0000000085800000, 0x0000000085900000, 0x0000000085900000|100%| O|  |TAMS 0x0000000085900000, 0x0000000085900000| Untracked 
|  35|0x0000000085900000, 0x0000000085a00000, 0x0000000085a00000|100%| O|  |TAMS 0x0000000085a00000, 0x0000000085a00000| Untracked 
|  36|0x0000000085a00000, 0x0000000085b00000, 0x0000000085b00000|100%| O|  |TAMS 0x0000000085b00000, 0x0000000085b00000| Untracked 
|  37|0x0000000085b00000, 0x0000000085c00000, 0x0000000085c00000|100%| O|  |TAMS 0x0000000085c00000, 0x0000000085c00000| Untracked 
|  38|0x0000000085c00000, 0x0000000085d00000, 0x0000000085d00000|100%| O|  |TAMS 0x0000000085d00000, 0x0000000085d00000| Untracked 
|  39|0x0000000085d00000, 0x0000000085d00000, 0x0000000085e00000|  0%| F|  |TAMS 0x0000000085d00000, 0x0000000085d00000| Untracked 
|  40|0x0000000085e00000, 0x0000000085e00000, 0x0000000085f00000|  0%| F|  |TAMS 0x0000000085e00000, 0x0000000085e00000| Untracked 
|  41|0x0000000085f00000, 0x0000000086000000, 0x0000000086000000|100%| O|  |TAMS 0x0000000086000000, 0x0000000086000000| Untracked 
|  42|0x0000000086000000, 0x0000000086100000, 0x0000000086100000|100%| O|  |TAMS 0x0000000086100000, 0x0000000086100000| Untracked 
|  43|0x0000000086100000, 0x0000000086200000, 0x0000000086200000|100%| O|  |TAMS 0x0000000086200000, 0x0000000086200000| Untracked 
|  44|0x0000000086200000, 0x0000000086200000, 0x0000000086300000|  0%| F|  |TAMS 0x0000000086200000, 0x0000000086200000| Untracked 
|  45|0x0000000086300000, 0x0000000086300000, 0x0000000086400000|  0%| F|  |TAMS 0x0000000086300000, 0x0000000086300000| Untracked 
|  46|0x0000000086400000, 0x0000000086400000, 0x0000000086500000|  0%| F|  |TAMS 0x0000000086400000, 0x0000000086400000| Untracked 
|  47|0x0000000086500000, 0x0000000086500000, 0x0000000086600000|  0%| F|  |TAMS 0x0000000086500000, 0x0000000086500000| Untracked 
|  48|0x0000000086600000, 0x0000000086600000, 0x0000000086700000|  0%| F|  |TAMS 0x0000000086600000, 0x0000000086600000| Untracked 
|  49|0x0000000086700000, 0x0000000086700000, 0x0000000086800000|  0%| F|  |TAMS 0x0000000086700000, 0x0000000086700000| Untracked 
|  50|0x0000000086800000, 0x0000000086900000, 0x0000000086900000|100%| O|  |TAMS 0x0000000086900000, 0x0000000086900000| Untracked 
|  51|0x0000000086900000, 0x0000000086a00000, 0x0000000086a00000|100%| O|  |TAMS 0x0000000086a00000, 0x0000000086a00000| Untracked 
|  52|0x0000000086a00000, 0x0000000086b00000, 0x0000000086b00000|100%| O|  |TAMS 0x0000000086b00000, 0x0000000086b00000| Untracked 
|  53|0x0000000086b00000, 0x0000000086c00000, 0x0000000086c00000|100%| O|  |TAMS 0x0000000086c00000, 0x0000000086c00000| Untracked 
|  54|0x0000000086c00000, 0x0000000086d00000, 0x0000000086d00000|100%| O|  |TAMS 0x0000000086d00000, 0x0000000086d00000| Untracked 
|  55|0x0000000086d00000, 0x0000000086e00000, 0x0000000086e00000|100%| O|  |TAMS 0x0000000086e00000, 0x0000000086e00000| Untracked 
|  56|0x0000000086e00000, 0x0000000086f00000, 0x0000000086f00000|100%| O|  |TAMS 0x0000000086f00000, 0x0000000086f00000| Untracked 
|  57|0x0000000086f00000, 0x0000000087000000, 0x0000000087000000|100%| O|  |TAMS 0x0000000086f5c400, 0x0000000087000000| Untracked 
|  58|0x0000000087000000, 0x0000000087100000, 0x0000000087100000|100%| O|  |TAMS 0x0000000087000000, 0x0000000087100000| Untracked 
|  59|0x0000000087100000, 0x0000000087200000, 0x0000000087200000|100%| O|  |TAMS 0x0000000087100000, 0x0000000087200000| Untracked 
|  60|0x0000000087200000, 0x0000000087300000, 0x0000000087300000|100%| O|  |TAMS 0x0000000087200000, 0x0000000087300000| Untracked 
|  61|0x0000000087300000, 0x0000000087400000, 0x0000000087400000|100%| O|  |TAMS 0x0000000087300000, 0x0000000087400000| Untracked 
|  62|0x0000000087400000, 0x0000000087500000, 0x0000000087500000|100%| O|  |TAMS 0x0000000087400000, 0x0000000087500000| Untracked 
|  63|0x0000000087500000, 0x0000000087600000, 0x0000000087600000|100%| O|  |TAMS 0x0000000087500000, 0x0000000087600000| Untracked 
|  64|0x0000000087600000, 0x0000000087700000, 0x0000000087700000|100%| O|  |TAMS 0x0000000087600000, 0x0000000087700000| Untracked 
|  65|0x0000000087700000, 0x00000000877f0c00, 0x0000000087800000| 94%| O|  |TAMS 0x0000000087700000, 0x00000000877f0c00| Untracked 
|  66|0x0000000087800000, 0x0000000087800000, 0x0000000087900000|  0%| F|  |TAMS 0x0000000087800000, 0x0000000087800000| Untracked 
|  67|0x0000000087900000, 0x0000000087900000, 0x0000000087a00000|  0%| F|  |TAMS 0x0000000087900000, 0x0000000087900000| Untracked 
|  68|0x0000000087a00000, 0x0000000087a00000, 0x0000000087b00000|  0%| F|  |TAMS 0x0000000087a00000, 0x0000000087a00000| Untracked 
|  69|0x0000000087b00000, 0x0000000087b00000, 0x0000000087c00000|  0%| F|  |TAMS 0x0000000087b00000, 0x0000000087b00000| Untracked 
|  70|0x0000000087c00000, 0x0000000087c00000, 0x0000000087d00000|  0%| F|  |TAMS 0x0000000087c00000, 0x0000000087c00000| Untracked 
|  71|0x0000000087d00000, 0x0000000087d00000, 0x0000000087e00000|  0%| F|  |TAMS 0x0000000087d00000, 0x0000000087d00000| Untracked 
|  72|0x0000000087e00000, 0x0000000087e00000, 0x0000000087f00000|  0%| F|  |TAMS 0x0000000087e00000, 0x0000000087e00000| Untracked 
|  73|0x0000000087f00000, 0x0000000087f00000, 0x0000000088000000|  0%| F|  |TAMS 0x0000000087f00000, 0x0000000087f00000| Untracked 
|  74|0x0000000088000000, 0x0000000088000000, 0x0000000088100000|  0%| F|  |TAMS 0x0000000088000000, 0x0000000088000000| Untracked 
|  75|0x0000000088100000, 0x0000000088100000, 0x0000000088200000|  0%| F|  |TAMS 0x0000000088100000, 0x0000000088100000| Untracked 
|  76|0x0000000088200000, 0x0000000088200000, 0x0000000088300000|  0%| F|  |TAMS 0x0000000088200000, 0x0000000088200000| Untracked 
|  77|0x0000000088300000, 0x0000000088300000, 0x0000000088400000|  0%| F|  |TAMS 0x0000000088300000, 0x0000000088300000| Untracked 
|  78|0x0000000088400000, 0x00000000884f58c0, 0x0000000088500000| 95%| S|CS|TAMS 0x0000000088400000, 0x0000000088400000| Complete 
|  79|0x0000000088500000, 0x0000000088600000, 0x0000000088600000|100%| S|CS|TAMS 0x0000000088500000, 0x0000000088500000| Complete 
|  80|0x0000000088600000, 0x0000000088600000, 0x0000000088700000|  0%| F|  |TAMS 0x0000000088600000, 0x0000000088600000| Untracked 
|  81|0x0000000088700000, 0x0000000088700000, 0x0000000088800000|  0%| F|  |TAMS 0x0000000088700000, 0x0000000088700000| Untracked 
|  82|0x0000000088800000, 0x0000000088800000, 0x0000000088900000|  0%| F|  |TAMS 0x0000000088800000, 0x0000000088800000| Untracked 
|  83|0x0000000088900000, 0x0000000088900000, 0x0000000088a00000|  0%| F|  |TAMS 0x0000000088900000, 0x0000000088900000| Untracked 
|  84|0x0000000088a00000, 0x0000000088a00000, 0x0000000088b00000|  0%| F|  |TAMS 0x0000000088a00000, 0x0000000088a00000| Untracked 
|  85|0x0000000088b00000, 0x0000000088b00000, 0x0000000088c00000|  0%| F|  |TAMS 0x0000000088b00000, 0x0000000088b00000| Untracked 
|  86|0x0000000088c00000, 0x0000000088c00000, 0x0000000088d00000|  0%| F|  |TAMS 0x0000000088c00000, 0x0000000088c00000| Untracked 
|  87|0x0000000088d00000, 0x0000000088d00000, 0x0000000088e00000|  0%| F|  |TAMS 0x0000000088d00000, 0x0000000088d00000| Untracked 
|  88|0x0000000088e00000, 0x0000000088e00000, 0x0000000088f00000|  0%| F|  |TAMS 0x0000000088e00000, 0x0000000088e00000| Untracked 
|  89|0x0000000088f00000, 0x0000000088f00000, 0x0000000089000000|  0%| F|  |TAMS 0x0000000088f00000, 0x0000000088f00000| Untracked 
|  90|0x0000000089000000, 0x0000000089000000, 0x0000000089100000|  0%| F|  |TAMS 0x0000000089000000, 0x0000000089000000| Untracked 
|  91|0x0000000089100000, 0x0000000089100000, 0x0000000089200000|  0%| F|  |TAMS 0x0000000089100000, 0x0000000089100000| Untracked 
|  92|0x0000000089200000, 0x0000000089200000, 0x0000000089300000|  0%| F|  |TAMS 0x0000000089200000, 0x0000000089200000| Untracked 
|  93|0x0000000089300000, 0x0000000089300000, 0x0000000089400000|  0%| F|  |TAMS 0x0000000089300000, 0x0000000089300000| Untracked 
|  94|0x0000000089400000, 0x0000000089400000, 0x0000000089500000|  0%| F|  |TAMS 0x0000000089400000, 0x0000000089400000| Untracked 
|  95|0x0000000089500000, 0x0000000089500000, 0x0000000089600000|  0%| F|  |TAMS 0x0000000089500000, 0x0000000089500000| Untracked 
|  96|0x0000000089600000, 0x0000000089600000, 0x0000000089700000|  0%| F|  |TAMS 0x0000000089600000, 0x0000000089600000| Untracked 
|  97|0x0000000089700000, 0x0000000089700000, 0x0000000089800000|  0%| F|  |TAMS 0x0000000089700000, 0x0000000089700000| Untracked 
|  98|0x0000000089800000, 0x0000000089800000, 0x0000000089900000|  0%| F|  |TAMS 0x0000000089800000, 0x0000000089800000| Untracked 
|  99|0x0000000089900000, 0x0000000089900000, 0x0000000089a00000|  0%| F|  |TAMS 0x0000000089900000, 0x0000000089900000| Untracked 
| 100|0x0000000089a00000, 0x0000000089a00000, 0x0000000089b00000|  0%| F|  |TAMS 0x0000000089a00000, 0x0000000089a00000| Untracked 
| 101|0x0000000089b00000, 0x0000000089b00000, 0x0000000089c00000|  0%| F|  |TAMS 0x0000000089b00000, 0x0000000089b00000| Untracked 
| 102|0x0000000089c00000, 0x0000000089c00000, 0x0000000089d00000|  0%| F|  |TAMS 0x0000000089c00000, 0x0000000089c00000| Untracked 
| 103|0x0000000089d00000, 0x0000000089d00000, 0x0000000089e00000|  0%| F|  |TAMS 0x0000000089d00000, 0x0000000089d00000| Untracked 
| 104|0x0000000089e00000, 0x0000000089e00000, 0x0000000089f00000|  0%| F|  |TAMS 0x0000000089e00000, 0x0000000089e00000| Untracked 
| 105|0x0000000089f00000, 0x0000000089f00000, 0x000000008a000000|  0%| F|  |TAMS 0x0000000089f00000, 0x0000000089f00000| Untracked 
| 106|0x000000008a000000, 0x000000008a000000, 0x000000008a100000|  0%| F|  |TAMS 0x000000008a000000, 0x000000008a000000| Untracked 
| 107|0x000000008a100000, 0x000000008a100000, 0x000000008a200000|  0%| F|  |TAMS 0x000000008a100000, 0x000000008a100000| Untracked 
| 108|0x000000008a200000, 0x000000008a200000, 0x000000008a300000|  0%| F|  |TAMS 0x000000008a200000, 0x000000008a200000| Untracked 
| 109|0x000000008a300000, 0x000000008a300000, 0x000000008a400000|  0%| F|  |TAMS 0x000000008a300000, 0x000000008a300000| Untracked 
| 110|0x000000008a400000, 0x000000008a400000, 0x000000008a500000|  0%| F|  |TAMS 0x000000008a400000, 0x000000008a400000| Untracked 
| 111|0x000000008a500000, 0x000000008a500000, 0x000000008a600000|  0%| F|  |TAMS 0x000000008a500000, 0x000000008a500000| Untracked 
| 112|0x000000008a600000, 0x000000008a600000, 0x000000008a700000|  0%| F|  |TAMS 0x000000008a600000, 0x000000008a600000| Untracked 
| 113|0x000000008a700000, 0x000000008a700000, 0x000000008a800000|  0%| F|  |TAMS 0x000000008a700000, 0x000000008a700000| Untracked 
| 114|0x000000008a800000, 0x000000008a800000, 0x000000008a900000|  0%| F|  |TAMS 0x000000008a800000, 0x000000008a800000| Untracked 
| 115|0x000000008a900000, 0x000000008a900000, 0x000000008aa00000|  0%| F|  |TAMS 0x000000008a900000, 0x000000008a900000| Untracked 
| 116|0x000000008aa00000, 0x000000008aa00000, 0x000000008ab00000|  0%| F|  |TAMS 0x000000008aa00000, 0x000000008aa00000| Untracked 
| 117|0x000000008ab00000, 0x000000008ab00000, 0x000000008ac00000|  0%| F|  |TAMS 0x000000008ab00000, 0x000000008ab00000| Untracked 
| 118|0x000000008ac00000, 0x000000008ac00000, 0x000000008ad00000|  0%| F|  |TAMS 0x000000008ac00000, 0x000000008ac00000| Untracked 
| 119|0x000000008ad00000, 0x000000008ad00000, 0x000000008ae00000|  0%| F|  |TAMS 0x000000008ad00000, 0x000000008ad00000| Untracked 
| 120|0x000000008ae00000, 0x000000008ae00000, 0x000000008af00000|  0%| F|  |TAMS 0x000000008ae00000, 0x000000008ae00000| Untracked 
| 121|0x000000008af00000, 0x000000008af00000, 0x000000008b000000|  0%| F|  |TAMS 0x000000008af00000, 0x000000008af00000| Untracked 
| 122|0x000000008b000000, 0x000000008b000000, 0x000000008b100000|  0%| F|  |TAMS 0x000000008b000000, 0x000000008b000000| Untracked 
| 123|0x000000008b100000, 0x000000008b100000, 0x000000008b200000|  0%| F|  |TAMS 0x000000008b100000, 0x000000008b100000| Untracked 
| 124|0x000000008b200000, 0x000000008b200000, 0x000000008b300000|  0%| F|  |TAMS 0x000000008b200000, 0x000000008b200000| Untracked 
| 125|0x000000008b300000, 0x000000008b300000, 0x000000008b400000|  0%| F|  |TAMS 0x000000008b300000, 0x000000008b300000| Untracked 

Card table byte_map: [0x0000014bd3900000,0x0000014bd3cf0000] _byte_map_base: 0x0000014bd34e5000

Marking Bits (Prev, Next): (CMBitMap*) 0x0000014bc8b55f50, (CMBitMap*) 0x0000014bc8b55f10
 Prev Bits: [0x0000014bd6010000, 0x0000014bd7f38000)
 Next Bits: [0x0000014bd40e0000, 0x0000014bd6008000)

Polling page: 0x0000014bc69d0000

Metaspace:

Usage:
  Non-class:     79.06 MB used.
      Class:     13.76 MB used.
       Both:     92.81 MB used.

Virtual space:
  Non-class space:      128.00 MB reserved,      79.50 MB ( 62%) committed,  2 nodes.
      Class space:        1.00 GB reserved,      14.12 MB (  1%) committed,  1 nodes.
             Both:        1.12 GB reserved,      93.62 MB (  8%) committed. 

Chunk freelists:
   Non-Class:  480.00 KB
       Class:  1.84 MB
        Both:  2.31 MB

MaxMetaspaceSize: unlimited
CompressedClassSpaceSize: 1.00 GB
Initial GC threshold: 21.00 MB
Current GC threshold: 143.38 MB
CDS: on
MetaspaceReclaimPolicy: balanced
 - commit_granule_bytes: 65536.
 - commit_granule_words: 8192.
 - virtual_space_node_default_size: 8388608.
 - enlarge_chunks_in_place: 1.
 - new_chunks_are_fully_committed: 0.
 - uncommit_free_chunks: 1.
 - use_allocation_guard: 0.
 - handle_deallocations: 1.


Internal statistics:

num_allocs_failed_limit: 13.
num_arena_births: 1206.
num_arena_deaths: 0.
num_vsnodes_births: 3.
num_vsnodes_deaths: 0.
num_space_committed: 1498.
num_space_uncommitted: 0.
num_chunks_returned_to_freelist: 13.
num_chunks_taken_from_freelist: 4741.
num_chunk_merges: 13.
num_chunk_splits: 3419.
num_chunks_enlarged: 2641.
num_inconsistent_stats: 0.

CodeCache: size=49152Kb used=16027Kb max_used=17411Kb free=33124Kb
 bounds [0x0000014bd0400000, 0x0000014bd1510000, 0x0000014bd3400000]
 total_blobs=10083 nmethods=9353 adapters=656
 compilation: enabled
              stopped_count=0, restarted_count=0
 full_count=0

Compilation events (20 events):
Event: 2382.722 Thread 0x0000014bda96dcc0 9421       1       org.springframework.http.ReadOnlyHttpHeaders::<init> (6 bytes)
Event: 2382.731 Thread 0x0000014bda96dcc0 nmethod 9421 0x0000014bd1395d10 code [0x0000014bd1395ea0, 0x0000014bd1395f88]
Event: 2400.143 Thread 0x0000014bda96dcc0 9422   !   1       com.rabbitmq.client.impl.SocketFrameHandler::readFrame (44 bytes)
Event: 2400.153 Thread 0x0000014bda96dcc0 nmethod 9422 0x0000014bd1395890 code [0x0000014bd1395a60, 0x0000014bd1395bf8]
Event: 2400.154 Thread 0x0000014bda96dcc0 9423   !   1       com.rabbitmq.client.impl.Frame::readFrom (137 bytes)
Event: 2400.192 Thread 0x0000014bda96dcc0 nmethod 9423 0x0000014bd1393e90 code [0x0000014bd13941a0, 0x0000014bd13950d8]
Event: 2412.470 Thread 0x0000014bda96dcc0 9424       1       java.util.TreeSet::size (10 bytes)
Event: 2412.471 Thread 0x0000014bda96dcc0 nmethod 9424 0x0000014bd1393b90 code [0x0000014bd1393d20, 0x0000014bd1393e08]
Event: 2412.475 Thread 0x0000014bda96dcc0 9425       1       org.springframework.http.HttpHeaders::readOnlyHttpHeaders (28 bytes)
Event: 2412.494 Thread 0x0000014bda96dcc0 nmethod 9425 0x0000014bd1393490 code [0x0000014bd1393660, 0x0000014bd13939a8]
Event: 2415.150 Thread 0x0000014bda96dcc0 9426       1       com.rabbitmq.client.impl.AMQConnection::access$400 (6 bytes)
Event: 2415.160 Thread 0x0000014bda96dcc0 nmethod 9426 0x0000014bd1393190 code [0x0000014bd1393320, 0x0000014bd13933e8]
Event: 2415.160 Thread 0x0000014bda96dcc0 9427   !   1       com.rabbitmq.client.impl.AMQConnection::readFrame (94 bytes)
Event: 2415.227 Thread 0x0000014bda96dcc0 nmethod 9427 0x0000014bd1392510 code [0x0000014bd1392760, 0x0000014bd1392dc8]
Event: 2421.116 Thread 0x0000014bda96dcc0 9428       1       java.io.ObjectInputStream::skipCustomData (105 bytes)
Event: 2421.131 Thread 0x0000014bda96dcc0 nmethod 9428 0x0000014bd1391b90 code [0x0000014bd1391da0, 0x0000014bd1392228]
Event: 2421.131 Thread 0x0000014bda96dcc0 9429       1       java.io.ObjectInputStream$BlockDataInputStream::skipBlockData (32 bytes)
Event: 2421.131 Thread 0x0000014bda96dcc0 nmethod 9429 0x0000014bd1391710 code [0x0000014bd13918c0, 0x0000014bd1391a78]
Event: 2442.566 Thread 0x0000014bda96dcc0 9430       1       java.net.URI$Parser::scan (23 bytes)
Event: 2442.574 Thread 0x0000014bda96dcc0 nmethod 9430 0x0000014bd1391090 code [0x0000014bd1391240, 0x0000014bd13914d8]

GC Heap History (20 events):
Event: 16.812 GC heap after
{Heap after GC invocations=19 (full 0):
 garbage-first heap   total 95232K, used 50595K [0x0000000083600000, 0x0000000100000000)
  region size 1024K, 4 young (4096K), 4 survivors (4096K)
 Metaspace       used 72155K, committed 72704K, reserved 1114112K
  class space    used 10684K, committed 10944K, reserved 1048576K
}
Event: 17.009 GC heap before
{Heap before GC invocations=20 (full 0):
 garbage-first heap   total 101376K, used 73123K [0x0000000083600000, 0x0000000100000000)
  region size 1024K, 28 young (28672K), 4 survivors (4096K)
 Metaspace       used 73767K, committed 74304K, reserved 1114112K
  class space    used 10916K, committed 11136K, reserved 1048576K
}
Event: 17.013 GC heap after
{Heap after GC invocations=21 (full 0):
 garbage-first heap   total 101376K, used 51441K [0x0000000083600000, 0x0000000100000000)
  region size 1024K, 2 young (2048K), 2 survivors (2048K)
 Metaspace       used 73767K, committed 74304K, reserved 1114112K
  class space    used 10916K, committed 11136K, reserved 1048576K
}
Event: 17.026 GC heap before
{Heap before GC invocations=21 (full 0):
 garbage-first heap   total 101376K, used 53489K [0x0000000083600000, 0x0000000100000000)
  region size 1024K, 4 young (4096K), 2 survivors (2048K)
 Metaspace       used 73820K, committed 74432K, reserved 1114112K
  class space    used 10930K, committed 11200K, reserved 1048576K
}
Event: 17.028 GC heap after
{Heap after GC invocations=22 (full 0):
 garbage-first heap   total 121856K, used 50406K [0x0000000083600000, 0x0000000100000000)
  region size 1024K, 1 young (1024K), 1 survivors (1024K)
 Metaspace       used 73820K, committed 74432K, reserved 1114112K
  class space    used 10930K, committed 11200K, reserved 1048576K
}
Event: 17.548 GC heap before
{Heap before GC invocations=22 (full 0):
 garbage-first heap   total 121856K, used 90342K [0x0000000083600000, 0x0000000100000000)
  region size 1024K, 40 young (40960K), 1 survivors (1024K)
 Metaspace       used 76330K, committed 76992K, reserved 1179648K
  class space    used 11266K, committed 11584K, reserved 1048576K
}
Event: 17.552 GC heap after
{Heap after GC invocations=23 (full 0):
 garbage-first heap   total 121856K, used 52959K [0x0000000083600000, 0x0000000100000000)
  region size 1024K, 3 young (3072K), 3 survivors (3072K)
 Metaspace       used 76330K, committed 76992K, reserved 1179648K
  class space    used 11266K, committed 11584K, reserved 1048576K
}
Event: 18.046 GC heap before
{Heap before GC invocations=23 (full 0):
 garbage-first heap   total 121856K, used 92895K [0x0000000083600000, 0x0000000100000000)
  region size 1024K, 42 young (43008K), 3 survivors (3072K)
 Metaspace       used 78988K, committed 79552K, reserved 1179648K
  class space    used 11614K, committed 11904K, reserved 1048576K
}
Event: 18.050 GC heap after
{Heap after GC invocations=24 (full 0):
 garbage-first heap   total 121856K, used 56003K [0x0000000083600000, 0x0000000100000000)
  region size 1024K, 6 young (6144K), 6 survivors (6144K)
 Metaspace       used 78988K, committed 79552K, reserved 1179648K
  class space    used 11614K, committed 11904K, reserved 1048576K
}
Event: 18.641 GC heap before
{Heap before GC invocations=24 (full 0):
 garbage-first heap   total 121856K, used 94915K [0x0000000083600000, 0x0000000100000000)
  region size 1024K, 44 young (45056K), 6 survivors (6144K)
 Metaspace       used 81677K, committed 82368K, reserved 1179648K
  class space    used 12026K, committed 12352K, reserved 1048576K
}
Event: 18.648 GC heap after
{Heap after GC invocations=25 (full 0):
 garbage-first heap   total 121856K, used 58812K [0x0000000083600000, 0x0000000100000000)
  region size 1024K, 6 young (6144K), 6 survivors (6144K)
 Metaspace       used 81677K, committed 82368K, reserved 1179648K
  class space    used 12026K, committed 12352K, reserved 1048576K
}
Event: 19.049 GC heap before
{Heap before GC invocations=25 (full 0):
 garbage-first heap   total 121856K, used 96700K [0x0000000083600000, 0x0000000100000000)
  region size 1024K, 43 young (44032K), 6 survivors (6144K)
 Metaspace       used 83276K, committed 83968K, reserved 1179648K
  class space    used 12293K, committed 12608K, reserved 1048576K
}
Event: 19.055 GC heap after
{Heap after GC invocations=26 (full 0):
 garbage-first heap   total 121856K, used 61339K [0x0000000083600000, 0x0000000100000000)
  region size 1024K, 3 young (3072K), 3 survivors (3072K)
 Metaspace       used 83276K, committed 83968K, reserved 1179648K
  class space    used 12293K, committed 12608K, reserved 1048576K
}
Event: 19.713 GC heap before
{Heap before GC invocations=26 (full 0):
 garbage-first heap   total 121856K, used 98203K [0x0000000083600000, 0x0000000100000000)
  region size 1024K, 39 young (39936K), 3 survivors (3072K)
 Metaspace       used 86875K, committed 87552K, reserved 1179648K
  class space    used 12889K, committed 13184K, reserved 1048576K
}
Event: 19.719 GC heap after
{Heap after GC invocations=27 (full 0):
 garbage-first heap   total 121856K, used 63325K [0x0000000083600000, 0x0000000100000000)
  region size 1024K, 5 young (5120K), 5 survivors (5120K)
 Metaspace       used 86875K, committed 87552K, reserved 1179648K
  class space    used 12889K, committed 13184K, reserved 1048576K
}
Event: 234.923 GC heap before
{Heap before GC invocations=28 (full 0):
 garbage-first heap   total 121856K, used 98141K [0x0000000083600000, 0x0000000100000000)
  region size 1024K, 40 young (40960K), 5 survivors (5120K)
 Metaspace       used 91695K, committed 92416K, reserved 1179648K
  class space    used 13589K, committed 13952K, reserved 1048576K
}
Event: 235.095 GC heap after
{Heap after GC invocations=29 (full 0):
 garbage-first heap   total 121856K, used 65351K [0x0000000083600000, 0x0000000100000000)
  region size 1024K, 3 young (3072K), 3 survivors (3072K)
 Metaspace       used 91695K, committed 92416K, reserved 1179648K
  class space    used 13589K, committed 13952K, reserved 1048576K
}
Event: 235.503 GC heap before
{Heap before GC invocations=29 (full 0):
 garbage-first heap   total 121856K, used 66375K [0x0000000083600000, 0x0000000100000000)
  region size 1024K, 5 young (5120K), 3 survivors (3072K)
 Metaspace       used 92205K, committed 92928K, reserved 1179648K
  class space    used 13652K, committed 14016K, reserved 1048576K
}
Event: 235.535 GC heap after
{Heap after GC invocations=30 (full 0):
 garbage-first heap   total 121856K, used 59773K [0x0000000083600000, 0x0000000100000000)
  region size 1024K, 1 young (1024K), 1 survivors (1024K)
 Metaspace       used 92205K, committed 92928K, reserved 1179648K
  class space    used 13652K, committed 14016K, reserved 1048576K
}
Event: 2442.912 GC heap before
{Heap before GC invocations=30 (full 0):
 garbage-first heap   total 121856K, used 98685K [0x0000000083600000, 0x0000000100000000)
  region size 1024K, 39 young (39936K), 1 survivors (1024K)
 Metaspace       used 95038K, committed 95872K, reserved 1179648K
  class space    used 14085K, committed 14464K, reserved 1048576K
}

Deoptimization events (12 events):
Event: 11.108 Thread 0x0000014bc8afac30 DEOPT PACKING pc=0x0000014bd0cdc0b5 sp=0x000000372e7fdaf0
Event: 11.108 Thread 0x0000014bc8afac30 DEOPT UNPACKING pc=0x0000014bd04566e3 sp=0x000000372e7fd098 mode 0
Event: 15.707 Thread 0x0000014bc8afac30 DEOPT PACKING pc=0x0000014bd09c429a sp=0x000000372e7fb9b0
Event: 15.707 Thread 0x0000014bc8afac30 DEOPT UNPACKING pc=0x0000014bd04566e3 sp=0x000000372e7faeb8 mode 3
Event: 15.707 Thread 0x0000014bc8afac30 DEOPT PACKING pc=0x0000014bd09b8895 sp=0x000000372e7fb970
Event: 15.707 Thread 0x0000014bc8afac30 DEOPT UNPACKING pc=0x0000014bd04566e3 sp=0x000000372e7faeb8 mode 3
Event: 19.466 Thread 0x0000014bc8afac30 DEOPT PACKING pc=0x0000014bd0e8c880 sp=0x000000372e7fec20
Event: 19.466 Thread 0x0000014bc8afac30 DEOPT UNPACKING pc=0x0000014bd04566e3 sp=0x000000372e7fe0f8 mode 3
Event: 19.996 Thread 0x0000014bc8afac30 DEOPT PACKING pc=0x0000014bd10dec5c sp=0x000000372e7fd3b0
Event: 19.996 Thread 0x0000014bc8afac30 DEOPT UNPACKING pc=0x0000014bd04566e3 sp=0x000000372e7fc858 mode 0
Event: 21.216 Thread 0x0000014be17aea10 DEOPT PACKING pc=0x0000014bd1253e94 sp=0x0000003732efc810
Event: 21.216 Thread 0x0000014be17aea10 DEOPT UNPACKING pc=0x0000014bd04566e3 sp=0x0000003732efbcc0 mode 0

Classes unloaded (0 events):
No events

Classes redefined (0 events):
No events

Internal exceptions (20 events):
Event: 21.037 Thread 0x0000014be17aea10 Exception <a 'java/lang/ClassNotFoundException'{0x0000000089377740}: org/springframework/boot/actuate/endpoint/jmx/EndpointMBean> (0x0000000089377740) 
thrown [s\open\src\hotspot\share\classfile\systemDictionary.cpp, line 256]
Event: 21.037 Thread 0x0000014be17aea10 Exception <a 'java/lang/ClassNotFoundException'{0x0000000089377af8}: org/springframework/boot/actuate/endpoint/jmx/DataEndpointMBean> (0x0000000089377af8) 
thrown [s\open\src\hotspot\share\classfile\systemDictionary.cpp, line 256]
Event: 21.037 Thread 0x0000014be17aea10 Exception <a 'java/lang/ClassNotFoundException'{0x0000000089377ea8}: org/springframework/context/support/LiveBeansView> (0x0000000089377ea8) 
thrown [s\open\src\hotspot\share\classfile\systemDictionary.cpp, line 256]
Event: 21.037 Thread 0x0000014be17aea10 Exception <a 'java/lang/ClassNotFoundException'{0x0000000089378260}: org/springframework/boot/actuate/endpoint/jmx/EndpointMBean> (0x0000000089378260) 
thrown [s\open\src\hotspot\share\classfile\systemDictionary.cpp, line 256]
Event: 21.037 Thread 0x0000014be17aea10 Exception <a 'java/lang/ClassNotFoundException'{0x0000000089378618}: org/springframework/boot/actuate/endpoint/jmx/DataEndpointMBean> (0x0000000089378618) 
thrown [s\open\src\hotspot\share\classfile\systemDictionary.cpp, line 256]
Event: 21.037 Thread 0x0000014be17aea10 Exception <a 'java/lang/ClassNotFoundException'{0x00000000893789c8}: org/springframework/context/support/LiveBeansView> (0x00000000893789c8) 
thrown [s\open\src\hotspot\share\classfile\systemDictionary.cpp, line 256]
Event: 21.048 Thread 0x0000014be17aea10 Exception <a 'java/lang/NoSuchMethodError'{0x00000000893bfb80}: 'java.lang.Object java.lang.invoke.DirectMethodHandle$Holder.newInvokeSpecial(java.lang.Object, java.lang.Object, java.lang.Object, java.lang.Object, int)'> (0x00000000893bfb80) 
thrown [s\open\src\hotspot\share\interpreter\linkResolver.cpp, line 759]
Event: 21.049 Thread 0x0000014be17aea10 Exception <a 'java/lang/NoSuchMethodError'{0x00000000893c3dc0}: 'java.lang.Object java.lang.invoke.DirectMethodHandle$Holder.invokeSpecial(java.lang.Object, java.lang.Object, java.lang.Object, java.lang.Object, java.lang.Object, int)'> (0x00000000893c3dc0) 
thrown [s\open\src\hotspot\share\interpreter\linkResolver.cpp, line 759]
Event: 21.049 Thread 0x0000014be17aea10 Exception <a 'java/lang/NoSuchMethodError'{0x00000000893c78a8}: 'java.lang.Object java.lang.invoke.Invokers$Holder.linkToTargetMethod(java.lang.Object, java.lang.Object, java.lang.Object, int, java.lang.Object)'> (0x00000000893c78a8) 
thrown [s\open\src\hotspot\share\interpreter\linkResolver.cpp, line 759]
Event: 21.257 Thread 0x0000014be17aea10 Exception <a 'java/lang/reflect/InvocationTargetException'{0x0000000088ef7ec8}> (0x0000000088ef7ec8) 
thrown [s\open\src\hotspot\share\runtime\reflection.cpp, line 1121]
Event: 234.626 Thread 0x0000014be17b0220 Exception <a 'java/lang/NoSuchMethodError'{0x0000000088bd62b0}: 'java.lang.Object java.lang.invoke.DirectMethodHandle$Holder.invokeStaticInit(java.lang.Object, java.lang.Object, java.lang.Object, int, int)'> (0x0000000088bd62b0) 
thrown [s\open\src\hotspot\share\interpreter\linkResolver.cpp, line 759]
Event: 235.128 Thread 0x0000014be1ff0ef0 Exception <a 'java/lang/NoSuchMethodError'{0x000000008b350938}: 'java.lang.Object java.lang.invoke.DirectMethodHandle$Holder.invokeSpecial(java.lang.Object, java.lang.Object, java.lang.Object, java.lang.Object, java.lang.Object, long)'> (0x000000008b350938) 
thrown [s\open\src\hotspot\share\interpreter\linkResolver.cpp, line 759]
Event: 235.130 Thread 0x0000014be1ff0ef0 Exception <a 'java/lang/NoSuchMethodError'{0x000000008b353f40}: 'java.lang.Object java.lang.invoke.Invokers$Holder.linkToTargetMethod(java.lang.Object, java.lang.Object, java.lang.Object, long, java.lang.Object)'> (0x000000008b353f40) 
thrown [s\open\src\hotspot\share\interpreter\linkResolver.cpp, line 759]
Event: 236.087 Thread 0x0000014be1ff0ef0 Exception <a 'java/lang/IncompatibleClassChangeError'{0x000000008a714840}: Found class java.lang.Object, but interface was expected> (0x000000008a714840) 
thrown [s\open\src\hotspot\share\interpreter\linkResolver.cpp, line 826]
Event: 236.256 Thread 0x0000014be1ff0ef0 Exception <a 'java/lang/NoSuchMethodError'{0x000000008a548b88}: 'void java.lang.invoke.DirectMethodHandle$Holder.invokeSpecialIFC(java.lang.Object, java.lang.Object, int, java.lang.Object, java.lang.Object, java.lang.Object, java.lang.Object)'> (0x000000008a548b88) 
thrown [s\open\src\hotspot\share\interpreter\linkResolver.cpp, line 759]
Event: 237.001 Thread 0x0000014be1ff0ef0 Exception <a 'java/lang/NoSuchMethodError'{0x000000008a33d538}: 'java.lang.Object java.lang.invoke.DirectMethodHandle$Holder.newInvokeSpecial(java.lang.Object, java.lang.Object, java.lang.Object, long)'> (0x000000008a33d538) 
thrown [s\open\src\hotspot\share\interpreter\linkResolver.cpp, line 759]
Event: 237.002 Thread 0x0000014be1ff0ef0 Exception <a 'java/lang/NoSuchMethodError'{0x000000008a341b10}: 'java.lang.Object java.lang.invoke.DirectMethodHandle$Holder.invokeSpecial(java.lang.Object, java.lang.Object, java.lang.Object, java.lang.Object, long)'> (0x000000008a341b10) 
thrown [s\open\src\hotspot\share\interpreter\linkResolver.cpp, line 759]
Event: 237.002 Thread 0x0000014be1ff0ef0 Exception <a 'java/lang/NoSuchMethodError'{0x000000008a345a40}: 'java.lang.Object java.lang.invoke.Invokers$Holder.linkToTargetMethod(java.lang.Object, java.lang.Object, long, java.lang.Object)'> (0x000000008a345a40) 
thrown [s\open\src\hotspot\share\interpreter\linkResolver.cpp, line 759]
Event: 2075.810 Thread 0x0000014be17af880 Exception <a 'java/lang/NoSuchMethodError'{0x0000000088b6ee88}: 'int java.lang.invoke.DirectMethodHandle$Holder.invokeStatic(java.lang.Object, java.lang.Object, int, int)'> (0x0000000088b6ee88) 
thrown [s\open\src\hotspot\share\interpreter\linkResolver.cpp, line 759]
Event: 2075.810 Thread 0x0000014be17b1a30 Exception <a 'java/lang/NoSuchMethodError'{0x0000000088b72738}: 'int java.lang.invoke.DirectMethodHandle$Holder.invokeStatic(java.lang.Object, java.lang.Object, int, int)'> (0x0000000088b72738) 
thrown [s\open\src\hotspot\share\interpreter\linkResolver.cpp, line 759]

VM Operations (20 events):
Event: 2074.539 Executing VM operation: Cleanup done
Event: 2075.539 Executing VM operation: Cleanup
Event: 2075.555 Executing VM operation: Cleanup done
Event: 2075.555 Executing VM operation: HandshakeAllThreads
Event: 2075.560 Executing VM operation: HandshakeAllThreads done
Event: 2076.563 Executing VM operation: Cleanup
Event: 2076.563 Executing VM operation: Cleanup done
Event: 2092.696 Executing VM operation: Cleanup
Event: 2092.696 Executing VM operation: Cleanup done
Event: 2104.484 Executing VM operation: HandshakeAllThreads
Event: 2104.484 Executing VM operation: HandshakeAllThreads done
Event: 2173.006 Executing VM operation: Cleanup
Event: 2173.006 Executing VM operation: Cleanup done
Event: 2202.240 Executing VM operation: Cleanup
Event: 2202.241 Executing VM operation: Cleanup done
Event: 2203.243 Executing VM operation: Cleanup
Event: 2203.243 Executing VM operation: Cleanup done
Event: 2383.615 Executing VM operation: Cleanup
Event: 2383.621 Executing VM operation: Cleanup done
Event: 2442.877 Executing VM operation: G1CollectForAllocation

Events (20 events):
Event: 1961.375 Thread 0x0000014be23db9a0 Thread added: 0x0000014be23db9a0
Event: 1961.375 Thread 0x0000014be1740050 Thread added: 0x0000014be1740050
Event: 1966.579 Thread 0x0000014be23db9a0 Thread exited: 0x0000014be23db9a0
Event: 1966.579 Thread 0x0000014be1740050 Thread exited: 0x0000014be1740050
Event: 2027.359 Thread 0x0000014be1740050 Thread added: 0x0000014be1740050
Event: 2028.829 Thread 0x0000014be1740050 Thread exited: 0x0000014be1740050
Event: 2042.012 Thread 0x0000014be1740540 Thread added: 0x0000014be1740540
Event: 2047.077 Thread 0x0000014be1740540 Thread exited: 0x0000014be1740540
Event: 2074.436 Thread 0x0000014be17b28a0 Thread added: 0x0000014be17b28a0
Event: 2075.624 Thread 0x0000014be17b2d70 Thread added: 0x0000014be17b2d70
Event: 2076.073 loading class java/util/concurrent/atomic/Striped64$Cell
Event: 2076.076 loading class java/util/concurrent/atomic/Striped64$Cell done
Event: 2076.127 loading class java/util/stream/ReduceOps$11
Event: 2076.130 loading class java/util/stream/ReduceOps$11 done
Event: 2076.130 loading class java/util/stream/ReduceOps$9ReducingSink
Event: 2076.131 loading class java/util/stream/ReduceOps$9ReducingSink done
Event: 2092.313 Thread 0x0000014bdab51ac0 Thread added: 0x0000014bdab51ac0
Event: 2097.325 Thread 0x0000014bdab51ac0 Thread exited: 0x0000014bdab51ac0
Event: 2202.531 Thread 0x0000014bdab51ac0 Thread added: 0x0000014bdab51ac0
Event: 2204.730 Thread 0x0000014bdab51ac0 Thread exited: 0x0000014bdab51ac0


Dynamic libraries:
0x00007ff6a5090000 - 0x00007ff6a50a0000 	C:\Program Files\Java\jdk-17\bin\javaw.exe
0x00007ffa68600000 - 0x00007ffa68867000 	C:\WINDOWS\SYSTEM32\ntdll.dll
0x00007ffa67c70000 - 0x00007ffa67d39000 	C:\WINDOWS\System32\KERNEL32.DLL
0x00007ffa65030000 - 0x00007ffa65427000 	C:\WINDOWS\System32\KERNELBASE.dll
0x00007ffa65560000 - 0x00007ffa656ab000 	C:\WINDOWS\System32\ucrtbase.dll
0x00007ffa53280000 - 0x00007ffa53299000 	C:\Program Files\Java\jdk-17\bin\jli.dll
0x00007ffa680d0000 - 0x00007ffa68186000 	C:\WINDOWS\System32\ADVAPI32.dll
0x00007ffa683c0000 - 0x00007ffa68469000 	C:\WINDOWS\System32\msvcrt.dll
0x00007ffa67490000 - 0x00007ffa67537000 	C:\WINDOWS\System32\sechost.dll
0x00007ffa67a50000 - 0x00007ffa67b68000 	C:\WINDOWS\System32\RPCRT4.dll
0x00007ffa68190000 - 0x00007ffa68356000 	C:\WINDOWS\System32\USER32.dll
0x00007ffa656b0000 - 0x00007ffa656d7000 	C:\WINDOWS\System32\win32u.dll
0x00007ffa68370000 - 0x00007ffa6839b000 	C:\WINDOWS\System32\GDI32.dll
0x00007ffa65430000 - 0x00007ffa6555c000 	C:\WINDOWS\System32\gdi32full.dll
0x00007ffa65f50000 - 0x00007ffa65ff3000 	C:\WINDOWS\System32\msvcp_win.dll
0x00007ffa51ea0000 - 0x00007ffa52132000 	C:\WINDOWS\WinSxS\amd64_microsoft.windows.common-controls_6595b64144ccf1df_6.0.26100.8457_none_3e0b2faee331e92d\COMCTL32.dll
0x00007ffa53410000 - 0x00007ffa5342b000 	C:\Program Files\Java\jdk-17\bin\VCRUNTIME140.dll
0x00007ffa5b7f0000 - 0x00007ffa5b7fb000 	C:\WINDOWS\SYSTEM32\VERSION.dll
0x00007ffa68470000 - 0x00007ffa684a2000 	C:\WINDOWS\System32\IMM32.DLL
0x00007ffa44fc0000 - 0x00007ffa44fcc000 	C:\Program Files\Java\jdk-17\bin\vcruntime140_1.dll
0x00007ffa43e90000 - 0x00007ffa43f1e000 	C:\Program Files\Java\jdk-17\bin\msvcp140.dll
0x00007ff9b7ce0000 - 0x00007ff9b88c0000 	C:\Program Files\Java\jdk-17\bin\server\jvm.dll
0x00007ffa68060000 - 0x00007ffa68068000 	C:\WINDOWS\System32\PSAPI.DLL
0x00007ffa44fb0000 - 0x00007ffa44fba000 	C:\WINDOWS\SYSTEM32\WSOCK32.dll
0x00007ffa67ee0000 - 0x00007ffa67f60000 	C:\WINDOWS\System32\WS2_32.dll
0x00007ffa62110000 - 0x00007ffa62146000 	C:\WINDOWS\SYSTEM32\WINMM.dll
0x00007ffa63dc0000 - 0x00007ffa63ddb000 	C:\WINDOWS\SYSTEM32\kernel.appcore.dll
0x00007ffa44fa0000 - 0x00007ffa44faa000 	C:\Program Files\Java\jdk-17\bin\jimage.dll
0x00007ffa62e90000 - 0x00007ffa630d2000 	C:\WINDOWS\SYSTEM32\DBGHELP.DLL
0x00007ffa67640000 - 0x00007ffa679c3000 	C:\WINDOWS\System32\combase.dll
0x00007ffa67d40000 - 0x00007ffa67e19000 	C:\WINDOWS\System32\OLEAUT32.dll
0x00007ffa620d0000 - 0x00007ffa6210b000 	C:\WINDOWS\SYSTEM32\dbgcore.DLL
0x00007ffa66210000 - 0x00007ffa662b8000 	C:\WINDOWS\System32\bcryptPrimitives.dll
0x00007ffa444b0000 - 0x00007ffa444d5000 	C:\Program Files\Java\jdk-17\bin\java.dll
0x00007ffa43440000 - 0x00007ffa43517000 	C:\Program Files\Java\jdk-17\bin\jsvml.dll
0x00007ffa66b30000 - 0x00007ffa6729e000 	C:\WINDOWS\System32\SHELL32.dll
0x00007ffa656e0000 - 0x00007ffa65f4c000 	C:\WINDOWS\System32\windows.storage.dll
0x00007ffa67b70000 - 0x00007ffa67c66000 	C:\WINDOWS\System32\SHCORE.dll
0x00007ffa67ff0000 - 0x00007ffa68056000 	C:\WINDOWS\System32\shlwapi.dll
0x00007ffa64f50000 - 0x00007ffa64f79000 	C:\WINDOWS\SYSTEM32\profapi.dll
0x00007ffa44190000 - 0x00007ffa441a9000 	C:\Program Files\Java\jdk-17\bin\net.dll
0x00007ffa5f750000 - 0x00007ffa5f879000 	C:\WINDOWS\SYSTEM32\WINHTTP.dll
0x00007ffa64330000 - 0x00007ffa6439c000 	C:\WINDOWS\system32\mswsock.dll
0x00007ffa44150000 - 0x00007ffa44166000 	C:\Program Files\Java\jdk-17\bin\nio.dll
0x00007ffa440e0000 - 0x00007ffa440f8000 	C:\Program Files\Java\jdk-17\bin\zip.dll
0x00007ffa440d0000 - 0x00007ffa440da000 	C:\Program Files\Java\jdk-17\bin\management.dll
0x00007ffa440c0000 - 0x00007ffa440cb000 	C:\Program Files\Java\jdk-17\bin\management_ext.dll
0x00007ffa442c0000 - 0x00007ffa442d8000 	C:\WINDOWS\system32\napinsp.dll
0x00007ffa63870000 - 0x00007ffa639a2000 	C:\WINDOWS\SYSTEM32\DNSAPI.dll
0x00007ffa63830000 - 0x00007ffa63862000 	C:\WINDOWS\SYSTEM32\IPHLPAPI.DLL
0x00007ffa68360000 - 0x00007ffa6836a000 	C:\WINDOWS\System32\NSI.dll
0x00007ffa442a0000 - 0x00007ffa442b3000 	C:\WINDOWS\System32\winrnr.dll
0x00007ffa44270000 - 0x00007ffa44292000 	C:\WINDOWS\system32\nlansp_c.dll
0x00007ffa44250000 - 0x00007ffa44266000 	C:\WINDOWS\system32\wshbth.dll
0x00007ffa5b840000 - 0x00007ffa5b84b000 	C:\Windows\System32\rasadhlp.dll
0x00007ffa5fb70000 - 0x00007ffa5fbf6000 	C:\WINDOWS\System32\fwpuclnt.dll
0x00007ffa64620000 - 0x00007ffa6463b000 	C:\WINDOWS\SYSTEM32\CRYPTSP.dll
0x00007ffa63d00000 - 0x00007ffa63d39000 	C:\WINDOWS\system32\rsaenh.dll
0x00007ffa643e0000 - 0x00007ffa64413000 	C:\WINDOWS\SYSTEM32\USERENV.dll
0x00007ffa64f20000 - 0x00007ffa64f4a000 	C:\WINDOWS\SYSTEM32\bcrypt.dll
0x00007ffa64610000 - 0x00007ffa6461c000 	C:\WINDOWS\SYSTEM32\CRYPTBASE.dll
0x00007ffa5f8c0000 - 0x00007ffa5f8dd000 	C:\WINDOWS\SYSTEM32\dhcpcsvc6.DLL
0x00007ffa5f890000 - 0x00007ffa5f8b5000 	C:\WINDOWS\SYSTEM32\dhcpcsvc.DLL
0x00007ffa43e70000 - 0x00007ffa43e7e000 	C:\Program Files\Java\jdk-17\bin\sunmscapi.dll
0x00007ffa66000000 - 0x00007ffa66178000 	C:\WINDOWS\System32\CRYPT32.dll
0x00007ffa64830000 - 0x00007ffa64860000 	C:\WINDOWS\SYSTEM32\ncrypt.dll
0x00007ffa647e0000 - 0x00007ffa6481f000 	C:\WINDOWS\SYSTEM32\NTASN1.dll
0x00007ffa43dc0000 - 0x00007ffa43dd0000 	C:\Program Files\Java\jdk-17\bin\verify.dll
0x00007ffa0ff60000 - 0x00007ffa0ff68000 	C:\WINDOWS\system32\wshunix.dll

dbghelp: loaded successfully - version: 4.0.5 - missing functions: none
symbol engine: initialized successfully - sym options: 0x614 - pdb path: .;C:\Program Files\Java\jdk-17\bin;C:\WINDOWS\SYSTEM32;C:\WINDOWS\WinSxS\amd64_microsoft.windows.common-controls_6595b64144ccf1df_6.0.26100.8457_none_3e0b2faee331e92d;C:\Program Files\Java\jdk-17\bin\server

VM Arguments:
jvm_args: -Dcom.sun.management.jmxremote -Dcom.sun.management.jmxremote.port=59837 -Dcom.sun.management.jmxremote.authenticate=false -Dcom.sun.management.jmxremote.ssl=false -Djava.rmi.server.hostname=localhost -Dspring.jmx.enabled=true -Dmanagement.endpoints.jmx.exposure.include=* -Dspring.application.admin.enabled=true -Dspring.output.ansi.enabled=always -XX:TieredStopAtLevel=1 -Dspring.boot.project.name=notification-service -Dfile.encoding=UTF-8 -Dstdout.encoding=UTF-8 -Dstderr.encoding=UTF-8 -XX:+ShowCodeDetailsInExceptionMessages 
java_command: com.edulearn.notification.NotificationServiceApplication
java_class_path (initial): D:\edulearn\backend\notification-service\target\classes;C:\Users\realme\.m2\repository\org\springframework\boot\spring-boot-starter-web\3.4.5\spring-boot-starter-web-3.4.5.jar;C:\Users\realme\.m2\repository\org\springframework\boot\spring-boot-starter\3.4.5\spring-boot-starter-3.4.5.jar;C:\Users\realme\.m2\repository\org\springframework\boot\spring-boot\3.4.5\spring-boot-3.4.5.jar;C:\Users\realme\.m2\repository\org\springframework\boot\spring-boot-autoconfigure\3.4.5\spring-boot-autoconfigure-3.4.5.jar;C:\Users\realme\.m2\repository\org\springframework\boot\spring-boot-starter-logging\3.4.5\spring-boot-starter-logging-3.4.5.jar;C:\Users\realme\.m2\repository\ch\qos\logback\logback-classic\1.5.18\logback-classic-1.5.18.jar;C:\Users\realme\.m2\repository\ch\qos\logback\logback-core\1.5.18\logback-core-1.5.18.jar;C:\Users\realme\.m2\repository\org\apache\logging\log4j\log4j-to-slf4j\2.24.3\log4j-to-slf4j-2.24.3.jar;C:\Users\realme\.m2\repository\org\apache\logging\log4j\log4j-api\2.24.3\log4j-api-2.24.3.jar;C:\Users\realme\.m2\repository\org\slf4j\jul-to-slf4j\2.0.17\jul-to-slf4j-2.0.17.jar;C:\Users\realme\.m2\repository\jakarta\annotation\jakarta.annotation-api\2.1.1\jakarta.annotation-api-2.1.1.jar;C:\Users\realme\.m2\repository\org\yaml\snakeyaml\2.3\snakeyaml-2.3.jar;C:\Users\realme\.m2\repository\org\springframework\boot\spring-boot-starter-json\3.4.5\spring-boot-starter-json-3.4.5.jar;C:\Users\realme\.m2\repository\com\fasterxml\jackson\core\jackson-databind\2.18.3\jackson-databind-2.18.3.jar;C:\Users\realme\.m2\repository\com\fasterxml\jackson\datatype\jackson-datatype-jdk8\2.18.3\jackson-datatype-jdk8-2.18.3.jar;C:\Users\realme\.m2\repository\com\fasterxml\jackson\datatype\jackson-datatype-jsr310\2.18.3\jackson-datatype-jsr310-2.18.3.jar;C:\Users\realme\.m2\repository\com\fasterxml\jackson\module\jackson-module-parameter-names\2.18.3\jackson-module-parameter-names-2.18.3.jar;C:\Users\realme\.m2\repository\org\springframework\boot\sp
Launcher Type: SUN_STANDARD

[Global flags]
     intx CICompilerCount                          = 4                                         {product} {ergonomic}
     uint ConcGCThreads                            = 2                                         {product} {ergonomic}
     uint G1ConcRefinementThreads                  = 8                                         {product} {ergonomic}
   size_t G1HeapRegionSize                         = 1048576                                   {product} {ergonomic}
    uintx GCDrainStackTargetSize                   = 64                                        {product} {ergonomic}
   size_t InitialHeapSize                          = 132120576                                 {product} {ergonomic}
     bool ManagementServer                         = true                                      {product} {command line}
   size_t MarkStackSize                            = 4194304                                   {product} {ergonomic}
   size_t MaxHeapSize                              = 2090860544                                {product} {ergonomic}
   size_t MaxNewSize                               = 1254096896                                {product} {ergonomic}
   size_t MinHeapDeltaBytes                        = 1048576                                   {product} {ergonomic}
   size_t MinHeapSize                              = 8388608                                   {product} {ergonomic}
    uintx NonProfiledCodeHeapSize                  = 0                                      {pd product} {ergonomic}
     bool ProfileInterpreter                       = false                                  {pd product} {command line}
    uintx ProfiledCodeHeapSize                     = 0                                      {pd product} {ergonomic}
     bool ShowCodeDetailsInExceptionMessages       = true                                   {manageable} {command line}
   size_t SoftMaxHeapSize                          = 2090860544                             {manageable} {ergonomic}
     intx TieredStopAtLevel                        = 1                                         {product} {command line}
     bool UseCompressedClassPointers               = true                           {product lp64_product} {ergonomic}
     bool UseCompressedOops                        = true                           {product lp64_product} {ergonomic}
     bool UseG1GC                                  = true                                      {product} {ergonomic}
     bool UseLargePagesIndividualAllocation        = false                                  {pd product} {ergonomic}

Logging:
Log output configuration:
 #0: stdout all=warning uptime,level,tags
 #1: stderr all=off uptime,level,tags

Environment Variables:
PATH=D:/sts-5.0.1.RELEASE//plugins/org.eclipse.justj.openjdk.hotspot.jre.full.win32.x86_64_25.0.1.v20251108-1451/jre/bin/server;D:/sts-5.0.1.RELEASE//plugins/org.eclipse.justj.openjdk.hotspot.jre.full.win32.x86_64_25.0.1.v20251108-1451/jre/bin;C:\Program Files\Common Files\Oracle\Java\javapath;C:\Python314\Scripts\;C:\Python314\;C:\WINDOWS\system32;C:\WINDOWS;C:\WINDOWS\System32\Wbem;C:\WINDOWS\System32\WindowsPowerShell\v1.0\;C:\WINDOWS\System32\OpenSSH\;C:\Program Files\Java\jdk-25\bin;C:\Program Files\nodejs\;C:\ProgramData\chocolatey\bin;C:\Users\realme\AppData\Roaming\npm;C:\Program Files\Git\cmd;C:\Program Files\Docker\Docker\resources\bin;C:\Users\realme\AppData\Local\Microsoft\WindowsApps;C:\Users\realme\AppData\Local\Programs\Microsoft VS Code\bin;C:\Users\realme\AppData\Roaming\npm;C:\Users\realme\AppData\Local\Programs\Antigravity\bin;D:\sts-5.0.1.RELEASE;
USERNAME=realme
OS=Windows_NT
PROCESSOR_IDENTIFIER=Intel64 Family 6 Model 140 Stepping 1, GenuineIntel



---------------  S Y S T E M  ---------------

OS:
 Windows 11 , 64 bit Build 26100 (10.0.26100.8328)
OS uptime: 0 days 0:53 hours
Hyper-V role detected

CPU: total 8 (initial active 8) (4 cores per cpu, 2 threads per core) family 6 model 140 stepping 1 microcode 0x8a, cx8, cmov, fxsr, ht, mmx, 3dnowpref, sse, sse2, sse3, ssse3, sse4.1, sse4.2, popcnt, lzcnt, tsc, tscinvbit, avx, avx2, aes, erms, clmul, bmi1, bmi2, adx, avx512f, avx512dq, avx512cd, avx512bw, avx512vl, sha, fma, vzeroupper, avx512_vpopcntdq, avx512_vpclmulqdq, avx512_vaes, avx512_vnni, clflush, clflushopt, clwb, avx512_vbmi2, avx512_vbmi, hv

Memory: 4k page, system-wide physical 7975M (407M free)
TotalPageFile size 25480M (AvailPageFile size 180M)
current process WorkingSet (physical memory assigned to process): 46M, peak: 300M
current process commit charge ("private bytes"): 365M, peak: 423M

vm_info: Java HotSpot(TM) 64-Bit Server VM (17.0.17+8-LTS-360) for windows-amd64 JRE (17.0.17+8-LTS-360), built on Sep 27 2025 05:17:01 by "mach5run" with MS VC++ 17.6 (VS2022)

END.
